<?xml version="1.0" encoding="UTF-8"?>
<testng-results ignored="0" total="1" passed="1" failed="0" skipped="0">
  <reporter-output>
  </reporter-output>
  <suite started-at="2022-07-31T00:49:35 AST" name="Default suite" finished-at="2022-07-31T00:49:44 AST" duration-ms="8263">
    <groups>
    </groups>
    <test started-at="2022-07-31T00:49:35 AST" name="Default test" finished-at="2022-07-31T00:49:44 AST" duration-ms="8263">
      <class name="ass3ApplyingChildaxesmethod.ChromWebDriverChildMethod">
        <test-method is-config="true" signature="setUp()[pri:0, instance:ass3ApplyingChildaxesmethod.ChromWebDriverChildMethod@60dcc9fe]" started-at="2022-07-31T00:49:35 AST" name="setUp" finished-at="2022-07-31T00:49:43 AST" duration-ms="7583" status="PASS">
          <reporter-output>
          </reporter-output>
        </test-method> <!-- setUp -->
        <test-method signature="LearnEnglishWebSite()[pri:0, instance:ass3ApplyingChildaxesmethod.ChromWebDriverChildMethod@60dcc9fe]" started-at="2022-07-31T00:49:43 AST" name="LearnEnglishWebSite" finished-at="2022-07-31T00:49:43 AST" duration-ms="275" status="PASS">
          <reporter-output>
          </reporter-output>
        </test-method> <!-- LearnEnglishWebSite -->
        <test-method is-config="true" signature="terminateBrowser()[pri:0, instance:ass3ApplyingChildaxesmethod.ChromWebDriverChildMethod@60dcc9fe]" started-at="2022-07-31T00:49:43 AST" name="terminateBrowser" finished-at="2022-07-31T00:49:44 AST" duration-ms="336" status="PASS">
          <reporter-output>
          </reporter-output>
        </test-method> <!-- terminateBrowser -->
      </class> <!-- ass3ApplyingChildaxesmethod.ChromWebDriverChildMethod -->
    </test> <!-- Default test -->
  </suite> <!-- Default suite -->
</testng-results>
